2020-07-30 22:41:25.605 [main] INFO  com.course.Application - Starting Application v1.0-SNAPSHOT on DESKTOP-ADM31IU with PID 7472 (D:\javaCode\21_ProjectStorageFolder\TestNG\JavaInterfaceAutoTest\Chapter13\target\Chapter13-1.0-SNAPSHOT.jar started by 86159 in D:\javaCode\21_ProjectStorageFolder\TestNG\JavaInterfaceAutoTest\Chapter13\target)
2020-07-30 22:41:25.615 [main] INFO  com.course.Application - No active profile set, falling back to default profiles: default
2020-07-30 22:41:25.737 [main] INFO  o.s.boot.context.embedded.AnnotationConfigEmbeddedWebApplicationContext - Refreshing org.springframework.boot.context.embedded.AnnotationConfigEmbeddedWebApplicationContext@c2e1f26: startup date [Thu Jul 30 22:41:25 CST 2020]; root of context hierarchy
2020-07-30 22:41:27.949 [main] WARN  org.mybatis.spring.mapper.ClassPathMapperScanner - No MyBatis mapper was found in '[com.course]' package. Please check your configuration.
2020-07-30 22:41:28.579 [main] INFO  o.s.context.support.PostProcessorRegistrationDelegate$BeanPostProcessorChecker - Bean 'org.springframework.transaction.annotation.ProxyTransactionManagementConfiguration' of type [org.springframework.transaction.annotation.ProxyTransactionManagementConfiguration$$EnhancerBySpringCGLIB$$8ae715b9] is not eligible for getting processed by all BeanPostProcessors (for example: not eligible for auto-proxying)
2020-07-30 22:41:30.146 [main] INFO  org.springframework.boot.context.embedded.tomcat.TomcatEmbeddedServletContainer - Tomcat initialized with port(s): 8888 (http)
2020-07-30 22:41:30.171 [main] INFO  org.apache.catalina.core.StandardService - Starting service [Tomcat]
2020-07-30 22:41:30.173 [main] INFO  org.apache.catalina.core.StandardEngine - Starting Servlet Engine: Apache Tomcat/8.5.23
2020-07-30 22:41:30.343 [localhost-startStop-1] INFO  org.apache.catalina.core.ContainerBase.[Tomcat].[localhost].[/] - Initializing Spring embedded WebApplicationContext
2020-07-30 22:41:30.344 [localhost-startStop-1] INFO  org.springframework.web.context.ContextLoader - Root WebApplicationContext: initialization completed in 4607 ms
2020-07-30 22:41:30.657 [localhost-startStop-1] INFO  org.springframework.boot.web.servlet.ServletRegistrationBean - Mapping servlet: 'dispatcherServlet' to [/]
2020-07-30 22:41:30.665 [localhost-startStop-1] INFO  org.springframework.boot.web.servlet.FilterRegistrationBean - Mapping filter: 'characterEncodingFilter' to: [/*]
2020-07-30 22:41:30.667 [localhost-startStop-1] INFO  org.springframework.boot.web.servlet.FilterRegistrationBean - Mapping filter: 'hiddenHttpMethodFilter' to: [/*]
2020-07-30 22:41:30.668 [localhost-startStop-1] INFO  org.springframework.boot.web.servlet.FilterRegistrationBean - Mapping filter: 'httpPutFormContentFilter' to: [/*]
2020-07-30 22:41:30.669 [localhost-startStop-1] INFO  org.springframework.boot.web.servlet.FilterRegistrationBean - Mapping filter: 'requestContextFilter' to: [/*]
2020-07-30 22:41:32.421 [main] INFO  o.springframework.web.servlet.mvc.method.annotation.RequestMappingHandlerMapping - Mapped "{[/v1/getUserInfo],methods=[POST]}" onto public java.util.List<com.course.model.User> com.course.controller.UserManager.getUserInfo(org.apache.catalina.servlet4preview.http.HttpServletRequest,com.course.model.User)
2020-07-30 22:41:32.424 [main] INFO  o.springframework.web.servlet.mvc.method.annotation.RequestMappingHandlerMapping - Mapped "{[/v1/addUser],methods=[POST]}" onto public boolean com.course.controller.UserManager.addUser(org.apache.catalina.servlet4preview.http.HttpServletRequest,com.course.model.User)
2020-07-30 22:41:32.425 [main] INFO  o.springframework.web.servlet.mvc.method.annotation.RequestMappingHandlerMapping - Mapped "{[/v1/login],methods=[POST]}" onto public java.lang.Boolean com.course.controller.UserManager.login(javax.servlet.http.HttpServletResponse,com.course.model.User)
2020-07-30 22:41:32.426 [main] INFO  o.springframework.web.servlet.mvc.method.annotation.RequestMappingHandlerMapping - Mapped "{[/v1/updateUserInfo],methods=[POST]}" onto public int com.course.controller.UserManager.updateUser(org.apache.catalina.servlet4preview.http.HttpServletRequest,com.course.model.User)
2020-07-30 22:41:32.428 [main] INFO  o.springframework.web.servlet.mvc.method.annotation.RequestMappingHandlerMapping - Mapped "{[/v2/api-docs],methods=[GET],produces=[application/json || application/hal+json]}" onto public org.springframework.http.ResponseEntity<springfox.documentation.spring.web.json.Json> springfox.documentation.swagger2.web.Swagger2Controller.getDocumentation(java.lang.String,javax.servlet.http.HttpServletRequest)
2020-07-30 22:41:32.437 [main] INFO  o.springframework.web.servlet.mvc.method.annotation.RequestMappingHandlerMapping - Mapped "{[/swagger-resources/configuration/ui]}" onto org.springframework.http.ResponseEntity<springfox.documentation.swagger.web.UiConfiguration> springfox.documentation.swagger.web.ApiResourceController.uiConfiguration()
2020-07-30 22:41:32.442 [main] INFO  o.springframework.web.servlet.mvc.method.annotation.RequestMappingHandlerMapping - Mapped "{[/swagger-resources]}" onto org.springframework.http.ResponseEntity<java.util.List<springfox.documentation.swagger.web.SwaggerResource>> springfox.documentation.swagger.web.ApiResourceController.swaggerResources()
2020-07-30 22:41:32.446 [main] INFO  o.springframework.web.servlet.mvc.method.annotation.RequestMappingHandlerMapping - Mapped "{[/swagger-resources/configuration/security]}" onto org.springframework.http.ResponseEntity<springfox.documentation.swagger.web.SecurityConfiguration> springfox.documentation.swagger.web.ApiResourceController.securityConfiguration()
2020-07-30 22:41:32.452 [main] INFO  o.springframework.web.servlet.mvc.method.annotation.RequestMappingHandlerMapping - Mapped "{[/error]}" onto public org.springframework.http.ResponseEntity<java.util.Map<java.lang.String, java.lang.Object>> org.springframework.boot.autoconfigure.web.BasicErrorController.error(javax.servlet.http.HttpServletRequest)
2020-07-30 22:41:32.453 [main] INFO  o.springframework.web.servlet.mvc.method.annotation.RequestMappingHandlerMapping - Mapped "{[/error],produces=[text/html]}" onto public org.springframework.web.servlet.ModelAndView org.springframework.boot.autoconfigure.web.BasicErrorController.errorHtml(javax.servlet.http.HttpServletRequest,javax.servlet.http.HttpServletResponse)
2020-07-30 22:41:33.089 [main] INFO  o.springframework.web.servlet.mvc.method.annotation.RequestMappingHandlerAdapter - Looking for @ControllerAdvice: org.springframework.boot.context.embedded.AnnotationConfigEmbeddedWebApplicationContext@c2e1f26: startup date [Thu Jul 30 22:41:25 CST 2020]; root of context hierarchy
2020-07-30 22:41:33.219 [main] INFO  org.springframework.web.servlet.handler.SimpleUrlHandlerMapping - Mapped URL path [/webjars/**] onto handler of type [class org.springframework.web.servlet.resource.ResourceHttpRequestHandler]
2020-07-30 22:41:33.221 [main] INFO  org.springframework.web.servlet.handler.SimpleUrlHandlerMapping - Mapped URL path [/**] onto handler of type [class org.springframework.web.servlet.resource.ResourceHttpRequestHandler]
2020-07-30 22:41:33.298 [main] INFO  org.springframework.web.servlet.handler.SimpleUrlHandlerMapping - Mapped URL path [/**/favicon.ico] onto handler of type [class org.springframework.web.servlet.resource.ResourceHttpRequestHandler]
2020-07-30 22:41:33.745 [main] INFO  org.springframework.jmx.export.annotation.AnnotationMBeanExporter - Registering beans for JMX exposure on startup
2020-07-30 22:41:33.760 [main] INFO  org.springframework.context.support.DefaultLifecycleProcessor - Starting beans in phase 2147483647
2020-07-30 22:41:33.761 [main] INFO  springfox.documentation.spring.web.plugins.DocumentationPluginsBootstrapper - Context refreshed
2020-07-30 22:41:33.827 [main] INFO  springfox.documentation.spring.web.plugins.DocumentationPluginsBootstrapper - Found 1 custom documentation plugin(s)
2020-07-30 22:41:33.861 [main] INFO  springfox.documentation.spring.web.scanners.ApiListingReferenceScanner - Scanning for api listing references
2020-07-30 22:41:34.480 [main] INFO  org.springframework.boot.context.embedded.tomcat.TomcatEmbeddedServletContainer - Tomcat started on port(s): 8888 (http)
2020-07-30 22:41:34.497 [main] INFO  com.course.Application - Started Application in 9.777 seconds (JVM running for 10.842)
